#
# There is insufficient memory for the Java Runtime Environment to continue.
# Native memory allocation (malloc) failed to allocate 1076496 bytes for Chunk::new
# Possible reasons:
#   The system is out of physical RAM or swap space
#   The process is running with CompressedOops enabled, and the Java Heap may be blocking the growth of the native heap
# Possible solutions:
#   Reduce memory load on the system
#   Increase physical memory or swap space
#   Check if swap backing store is full
#   Decrease Java heap size (-Xmx/-Xms)
#   Decrease number of Java threads
#   Decrease Java thread stack sizes (-Xss)
#   Set larger code cache with -XX:ReservedCodeCacheSize=
#   JVM is running with Unscaled Compressed Oops mode in which the Java heap is
#     placed in the first 4GB address space. The Java Heap base address is the
#     maximum limit for the native heap growth. Please use -XX:HeapBaseMinAddress
#     to set the Java Heap base and to place the Java Heap above 4GB virtual address.
# This output file may be truncated or incomplete.
#
#  Out of Memory Error (allocation.cpp:389), pid=10832, tid=0x0000000000002754
#
# JRE version: OpenJDK Runtime Environment (8.0_212-b04) (build 1.8.0_212-release-1586-b04)
# Java VM: OpenJDK 64-Bit Server VM (25.212-b04 mixed mode windows-amd64 compressed oops)
# Failed to write core dump. Minidumps are not enabled by default on client versions of Windows
#

---------------  T H R E A D  ---------------

Current thread (0x0000000016a19800):  JavaThread "C2 CompilerThread0" daemon [_thread_in_native, id=10068, stack(0x0000000018340000,0x0000000018440000)]

Stack: [0x0000000018340000,0x0000000018440000]
[error occurred during error reporting (printing stack bounds), id 0xc0000005]

Native frames: (J=compiled Java code, j=interpreted, Vv=VM code, C=native code)


Current CompileTask:
C2:  13571 12211       4       org.gradle.internal.component.model.ComponentAttributeMatcher::match (318 bytes)


---------------  P R O C E S S  ---------------

Java Threads: ( => current thread )
  0x000000001fcf7000 JavaThread "Memory manager" [_thread_blocked, id=1828, stack(0x00000000236b0000,0x00000000237b0000)]
  0x0000000019d80800 JavaThread "Cache worker for Build Output Cleanup Cache (F:\AndroidStudio\MyAndroid\.gradle\buildOutputCleanup)" [_thread_blocked, id=12604, stack(0x00000000225b0000,0x00000000226b0000)]
  0x0000000019d7f800 JavaThread "Build operations Thread 4" [_thread_blocked, id=7956, stack(0x00000000220b0000,0x00000000221b0000)]
  0x0000000019d7a800 JavaThread "Build operations Thread 3" [_thread_blocked, id=14176, stack(0x0000000021fb0000,0x00000000220b0000)]
  0x0000000019d78000 JavaThread "Build operations Thread 2" [_thread_blocked, id=11644, stack(0x0000000021eb0000,0x0000000021fb0000)]
  0x0000000019d7f000 JavaThread "Build operations" [_thread_blocked, id=13280, stack(0x0000000021db0000,0x0000000021eb0000)]
  0x0000000019d7b000 JavaThread "Cache worker for execution history cache (E:\Android\.gradle\caches\5.6.4\executionHistory)" [_thread_blocked, id=9680, stack(0x0000000020200000,0x0000000020300000)]
  0x0000000019d7c800 JavaThread "Cache worker for cache directory md-rule (E:\Android\.gradle\caches\5.6.4\md-rule)" [_thread_blocked, id=14228, stack(0x000000001fe40000,0x000000001ff40000)]
  0x0000000019d75800 JavaThread "Cache worker for cache directory md-supplier (E:\Android\.gradle\caches\5.6.4\md-supplier)" [_thread_blocked, id=1604, stack(0x000000001ed30000,0x000000001ee30000)]
  0x000000001a312800 JavaThread "Cache worker for file hash cache (F:\AndroidStudio\MyAndroid\.gradle\5.6.4\fileHashes)" [_thread_blocked, id=5852, stack(0x000000001e630000,0x000000001e730000)]
  0x000000001a30b800 JavaThread "Cache worker for journal cache (E:\Android\.gradle\caches\journal-1)" [_thread_blocked, id=11000, stack(0x000000001c290000,0x000000001c390000)]
  0x000000001a311000 JavaThread "File lock request listener" [_thread_in_native, id=11668, stack(0x000000001c190000,0x000000001c290000)]
  0x000000001a30e000 JavaThread "Cache worker for file hash cache (E:\Android\.gradle\caches\5.6.4\fileHashes)" [_thread_blocked, id=476, stack(0x000000001c090000,0x000000001c190000)]
  0x000000001a270800 JavaThread "Thread-9" [_thread_blocked, id=3664, stack(0x000000001bd90000,0x000000001be90000)]
  0x000000001a25e800 JavaThread "Stdin handler" [_thread_blocked, id=480, stack(0x000000001bc90000,0x000000001bd90000)]
  0x000000001a26f800 JavaThread "Asynchronous log dispatcher for DefaultDaemonConnection: socket connection from /127.0.0.1:11239 to /127.0.0.1:11240" [_thread_blocked, id=7876, stack(0x000000001bb90000,0x000000001bc90000)]
  0x000000001a260800 JavaThread "Daemon worker" [_thread_in_Java, id=1088, stack(0x000000001ba90000,0x000000001bb90000)]
  0x000000001a25f800 JavaThread "Cancel handler" [_thread_blocked, id=6212, stack(0x000000001b990000,0x000000001ba90000)]
  0x000000001a1fc000 JavaThread "Handler for socket connection from /127.0.0.1:11239 to /127.0.0.1:11240" [_thread_in_native, id=4292, stack(0x000000001b690000,0x000000001b790000)]
  0x000000001a1fb800 JavaThread "Daemon" [_thread_blocked, id=14312, stack(0x000000001b590000,0x000000001b690000)]
  0x000000001a1a8000 JavaThread "Daemon periodic checks" [_thread_blocked, id=1052, stack(0x000000001b490000,0x000000001b590000)]
  0x000000001a1af000 JavaThread "Incoming local TCP Connector on port 11239" [_thread_in_native, id=12688, stack(0x000000001b2e0000,0x000000001b3e0000)]
  0x000000001a0e2800 JavaThread "Daemon health stats" [_thread_blocked, id=5204, stack(0x000000001afe0000,0x000000001b0e0000)]
  0x0000000017dcd800 JavaThread "Service Thread" daemon [_thread_blocked, id=11548, stack(0x0000000018640000,0x0000000018740000)]
  0x0000000017d56800 JavaThread "C1 CompilerThread2" daemon [_thread_in_native, id=13388, stack(0x0000000018540000,0x0000000018640000)]
  0x0000000016a1e000 JavaThread "C2 CompilerThread1" daemon [_thread_in_native, id=2112, stack(0x0000000018440000,0x0000000018540000)]
=>0x0000000016a19800 JavaThread "C2 CompilerThread0" daemon [_thread_in_native, id=10068, stack(0x0000000018340000,0x0000000018440000)]
  0x00000000169cd000 JavaThread "Attach Listener" daemon [_thread_blocked, id=9644, stack(0x0000000018240000,0x0000000018340000)]
  0x00000000169b7800 JavaThread "Signal Dispatcher" daemon [_thread_blocked, id=11900, stack(0x0000000018140000,0x0000000018240000)]
  0x000000000304a000 JavaThread "Finalizer" daemon [_thread_blocked, id=6520, stack(0x0000000017c40000,0x0000000017d40000)]
  0x0000000003041000 JavaThread "Reference Handler" daemon [_thread_blocked, id=7392, stack(0x0000000017b40000,0x0000000017c40000)]
  0x0000000002f4e000 JavaThread "main" [_thread_blocked, id=9504, stack(0x0000000002e20000,0x0000000002f20000)]

Other Threads:
  0x0000000016986800 VMThread [stack: 0x0000000017a40000,0x0000000017b40000] [id=11268]
  0x0000000017dde800 WatcherThread [stack: 0x0000000018740000,0x0000000018840000] [id=10620]

VM state:not at safepoint (normal execution)

VM Mutex/Monitor currently owned by a thread: None

heap address: 0x00000000a0000000, size: 1536 MB, Compressed Oops mode: 32-bit
Narrow klass base: 0x0000000000000000, Narrow klass shift: 3
Compressed class space size: 1073741824 Address: 0x0000000100000000

Heap:
 PSYoungGen      total 396800K, used 60006K [0x00000000e0000000, 0x00000000fb380000, 0x0000000100000000)
  eden space 351232K, 4% used [0x00000000e0000000,0x00000000e0e1f808,0x00000000f5700000)
  from space 45568K, 99% used [0x00000000f5700000,0x00000000f837a040,0x00000000f8380000)
  to   space 33792K, 0% used [0x00000000f8380000,0x00000000f8380000,0x00000000fa480000)
 ParOldGen       total 221184K, used 99944K [0x00000000a0000000, 0x00000000ad800000, 0x00000000e0000000)
  object space 221184K, 45% used [0x00000000a0000000,0x00000000a619a338,0x00000000ad800000)
 Metaspace       used 71030K, capacity 78586K, committed 78808K, reserved 1116160K
  class space    used 9796K, capacity 11734K, committed 11776K, reserved 1048576K

Card table byte_map: [0x0000000012410000,0x0000000012720000] byte_map_base: 0x0000000011f10000

Marking Bits: (ParMarkBitMap*) 0x0000000070b49f30
 Begin Bits: [0x0000000012d20000, 0x0000000014520000)
 End Bits:   [0x0000000014520000, 0x0000000015d20000)

Polling page: 0x0000000000d00000

CodeCache: size=245760Kb used=33016Kb max_used=33016Kb free=212743Kb
 bounds [0x0000000003050000, 0x00000000050c0000, 0x0000000012050000]
 total_blobs=11596 nmethods=10792 adapters=715
 compilation: enabled

Compilation events (10 events):
Event: 13.567 Thread 0x0000000017d56800 12418       2       org.gradle.internal.rules.NoInputsRuleAction::execute (11 bytes)
Event: 13.568 Thread 0x0000000017d56800 nmethod 12418 0x00000000050af990 code [0x00000000050afb00, 0x00000000050afc88]
Event: 13.568 Thread 0x0000000017d56800 12419       2       com.android.build.gradle.internal.dependency.AndroidXDependencySubstitution$replaceOldSupportLibraries$1::execute (9 bytes)
Event: 13.568 Thread 0x0000000017d56800 nmethod 12419 0x00000000050afd10 code [0x00000000050afe80, 0x00000000050b0088]
Event: 13.568 Thread 0x0000000017d56800 12420       2       com.android.build.gradle.internal.dependency.AndroidXDependencySubstitution$replaceOldSupportLibraries$1::execute (13 bytes)
Event: 13.568 Thread 0x0000000017d56800 nmethod 12420 0x00000000050b01d0 code [0x00000000050b0340, 0x00000000050b0508]
Event: 13.568 Thread 0x0000000017d56800 12421       2       org.gradle.api.internal.artifacts.repositories.resolver.ComponentMetadataDetailsAdapter::allVariants (56 bytes)
Event: 13.568 Thread 0x0000000017d56800 nmethod 12421 0x00000000050b0610 code [0x00000000050b07a0, 0x00000000050b0c38]
Event: 13.568 Thread 0x0000000017d56800 12422       2       org.gradle.api.internal.artifacts.ivyservice.resolveengine.graph.conflicts.VersionConflictResolutionDetails::getDisplayName (119 bytes)
Event: 13.569 Thread 0x0000000017d56800 nmethod 12422 0x00000000050b0e50 code [0x00000000050b1060, 0x00000000050b1618]

GC Heap History (10 events):
Event: 7.342 GC heap before
{Heap before GC invocations=8 (full 2):
 PSYoungGen      total 206848K, used 190464K [0x00000000e0000000, 0x00000000f3800000, 0x0000000100000000)
  eden space 190464K, 100% used [0x00000000e0000000,0x00000000eba00000,0x00000000eba00000)
  from space 16384K, 0% used [0x00000000eba00000,0x00000000eba00000,0x00000000eca00000)
  to   space 16384K, 0% used [0x00000000f2800000,0x00000000f2800000,0x00000000f3800000)
 ParOldGen       total 221184K, used 21481K [0x00000000a0000000, 0x00000000ad800000, 0x00000000e0000000)
  object space 221184K, 9% used [0x00000000a0000000,0x00000000a14fa6f0,0x00000000ad800000)
 Metaspace       used 49932K, capacity 51686K, committed 51968K, reserved 1093632K
  class space    used 6685K, capacity 7133K, committed 7168K, reserved 1048576K
Event: 7.357 GC heap after
Heap after GC invocations=8 (full 2):
 PSYoungGen      total 276992K, used 16380K [0x00000000e0000000, 0x00000000f3800000, 0x0000000100000000)
  eden space 260608K, 0% used [0x00000000e0000000,0x00000000e0000000,0x00000000efe80000)
  from space 16384K, 99% used [0x00000000f2800000,0x00000000f37ff010,0x00000000f3800000)
  to   space 20992K, 0% used [0x00000000f0f00000,0x00000000f0f00000,0x00000000f2380000)
 ParOldGen       total 221184K, used 26231K [0x00000000a0000000, 0x00000000ad800000, 0x00000000e0000000)
  object space 221184K, 11% used [0x00000000a0000000,0x00000000a199dd10,0x00000000ad800000)
 Metaspace       used 49932K, capacity 51686K, committed 51968K, reserved 1093632K
  class space    used 6685K, capacity 7133K, committed 7168K, reserved 1048576K
}
Event: 8.593 GC heap before
{Heap before GC invocations=9 (full 2):
 PSYoungGen      total 276992K, used 135708K [0x00000000e0000000, 0x00000000f3800000, 0x0000000100000000)
  eden space 260608K, 45% used [0x00000000e0000000,0x00000000e7488058,0x00000000efe80000)
  from space 16384K, 99% used [0x00000000f2800000,0x00000000f37ff010,0x00000000f3800000)
  to   space 20992K, 0% used [0x00000000f0f00000,0x00000000f0f00000,0x00000000f2380000)
 ParOldGen       total 221184K, used 26231K [0x00000000a0000000, 0x00000000ad800000, 0x00000000e0000000)
  object space 221184K, 11% used [0x00000000a0000000,0x00000000a199dd10,0x00000000ad800000)
 Metaspace       used 54719K, capacity 59002K, committed 59096K, reserved 1099776K
  class space    used 7472K, capacity 8673K, committed 8704K, reserved 1048576K
Event: 8.622 GC heap after
Heap after GC invocations=9 (full 2):
 PSYoungGen      total 298496K, used 20976K [0x00000000e0000000, 0x00000000fa480000, 0x0000000100000000)
  eden space 277504K, 0% used [0x00000000e0000000,0x00000000e0000000,0x00000000f0f00000)
  from space 20992K, 99% used [0x00000000f0f00000,0x00000000f237c070,0x00000000f2380000)
  to   space 33792K, 0% used [0x00000000f8380000,0x00000000f8380000,0x00000000fa480000)
 ParOldGen       total 221184K, used 45447K [0x00000000a0000000, 0x00000000ad800000, 0x00000000e0000000)
  object space 221184K, 20% used [0x00000000a0000000,0x00000000a2c61fc0,0x00000000ad800000)
 Metaspace       used 54719K, capacity 59002K, committed 59096K, reserved 1099776K
  class space    used 7472K, capacity 8673K, committed 8704K, reserved 1048576K
}
Event: 8.623 GC heap before
{Heap before GC invocations=10 (full 3):
 PSYoungGen      total 298496K, used 20976K [0x00000000e0000000, 0x00000000fa480000, 0x0000000100000000)
  eden space 277504K, 0% used [0x00000000e0000000,0x00000000e0000000,0x00000000f0f00000)
  from space 20992K, 99% used [0x00000000f0f00000,0x00000000f237c070,0x00000000f2380000)
  to   space 33792K, 0% used [0x00000000f8380000,0x00000000f8380000,0x00000000fa480000)
 ParOldGen       total 221184K, used 45447K [0x00000000a0000000, 0x00000000ad800000, 0x00000000e0000000)
  object space 221184K, 20% used [0x00000000a0000000,0x00000000a2c61fc0,0x00000000ad800000)
 Metaspace       used 54719K, capacity 59002K, committed 59096K, reserved 1099776K
  class space    used 7472K, capacity 8673K, committed 8704K, reserved 1048576K
Event: 8.896 GC heap after
Heap after GC invocations=10 (full 3):
 PSYoungGen      total 298496K, used 0K [0x00000000e0000000, 0x00000000fa480000, 0x0000000100000000)
  eden space 277504K, 0% used [0x00000000e0000000,0x00000000e0000000,0x00000000f0f00000)
  from space 20992K, 0% used [0x00000000f0f00000,0x00000000f0f00000,0x00000000f2380000)
  to   space 33792K, 0% used [0x00000000f8380000,0x00000000f8380000,0x00000000fa480000)
 ParOldGen       total 221184K, used 58179K [0x00000000a0000000, 0x00000000ad800000, 0x00000000e0000000)
  object space 221184K, 26% used [0x00000000a0000000,0x00000000a38d0fd0,0x00000000ad800000)
 Metaspace       used 54713K, capacity 58984K, committed 59096K, reserved 1099776K
  class space    used 7470K, capacity 8670K, committed 8704K, reserved 1048576K
}
Event: 10.913 GC heap before
{Heap before GC invocations=11 (full 3):
 PSYoungGen      total 298496K, used 277504K [0x00000000e0000000, 0x00000000fa480000, 0x0000000100000000)
  eden space 277504K, 100% used [0x00000000e0000000,0x00000000f0f00000,0x00000000f0f00000)
  from space 20992K, 0% used [0x00000000f0f00000,0x00000000f0f00000,0x00000000f2380000)
  to   space 33792K, 0% used [0x00000000f8380000,0x00000000f8380000,0x00000000fa480000)
 ParOldGen       total 221184K, used 58179K [0x00000000a0000000, 0x00000000ad800000, 0x00000000e0000000)
  object space 221184K, 26% used [0x00000000a0000000,0x00000000a38d0fd0,0x00000000ad800000)
 Metaspace       used 61354K, capacity 67872K, committed 67928K, reserved 1107968K
  class space    used 8545K, capacity 10323K, committed 10368K, reserved 1048576K
Event: 10.954 GC heap after
Heap after GC invocations=11 (full 3):
 PSYoungGen      total 385024K, used 33760K [0x00000000e0000000, 0x00000000fb380000, 0x0000000100000000)
  eden space 351232K, 0% used [0x00000000e0000000,0x00000000e0000000,0x00000000f5700000)
  from space 33792K, 99% used [0x00000000f8380000,0x00000000fa478020,0x00000000fa480000)
  to   space 45568K, 0% used [0x00000000f5700000,0x00000000f5700000,0x00000000f8380000)
 ParOldGen       total 221184K, used 73286K [0x00000000a0000000, 0x00000000ad800000, 0x00000000e0000000)
  object space 221184K, 33% used [0x00000000a0000000,0x00000000a4791978,0x00000000ad800000)
 Metaspace       used 61354K, capacity 67872K, committed 67928K, reserved 1107968K
  class space    used 8545K, capacity 10323K, committed 10368K, reserved 1048576K
}
Event: 13.455 GC heap before
{Heap before GC invocations=12 (full 3):
 PSYoungGen      total 385024K, used 384992K [0x00000000e0000000, 0x00000000fb380000, 0x0000000100000000)
  eden space 351232K, 100% used [0x00000000e0000000,0x00000000f5700000,0x00000000f5700000)
  from space 33792K, 99% used [0x00000000f8380000,0x00000000fa478020,0x00000000fa480000)
  to   space 45568K, 0% used [0x00000000f5700000,0x00000000f5700000,0x00000000f8380000)
 ParOldGen       total 221184K, used 73286K [0x00000000a0000000, 0x00000000ad800000, 0x00000000e0000000)
  object space 221184K, 33% used [0x00000000a0000000,0x00000000a4791978,0x00000000ad800000)
 Metaspace       used 71000K, capacity 78586K, committed 78808K, reserved 1116160K
  class space    used 9796K, capacity 11734K, committed 11776K, reserved 1048576K
Event: 13.519 GC heap after
Heap after GC invocations=12 (full 3):
 PSYoungGen      total 396800K, used 45544K [0x00000000e0000000, 0x00000000fb380000, 0x0000000100000000)
  eden space 351232K, 0% used [0x00000000e0000000,0x00000000e0000000,0x00000000f5700000)
  from space 45568K, 99% used [0x00000000f5700000,0x00000000f837a040,0x00000000f8380000)
  to   space 33792K, 0% used [0x00000000f8380000,0x00000000f8380000,0x00000000fa480000)
 ParOldGen       total 221184K, used 99944K [0x00000000a0000000, 0x00000000ad800000, 0x00000000e0000000)
  object space 221184K, 45% used [0x00000000a0000000,0x00000000a619a338,0x00000000ad800000)
 Metaspace       used 71000K, capacity 78586K, committed 78808K, reserved 1116160K
  class space    used 9796K, capacity 11734K, committed 11776K, reserved 1048576K
}

Deoptimization events (10 events):
Event: 12.920 Thread 0x000000001a1a8000 Uncommon trap: reason=speculate_class_check action=maybe_recompile pc=0x00000000048fbd18 method=java.util.AbstractList.listIterator()Ljava/util/ListIterator; @ 2
Event: 12.923 Thread 0x000000001a260800 Uncommon trap: reason=bimorphic action=maybe_recompile pc=0x0000000004de649c method=org.gradle.api.internal.attributes.DefaultMutableAttributeContainer.asImmutable()Lorg/gradle/api/internal/attributes/ImmutableAttributes; @ 16
Event: 12.938 Thread 0x000000001a260800 Uncommon trap: reason=bimorphic action=maybe_recompile pc=0x0000000004de649c method=org.gradle.api.internal.attributes.DefaultMutableAttributeContainer.asImmutable()Lorg/gradle/api/internal/attributes/ImmutableAttributes; @ 16
Event: 12.938 Thread 0x000000001a260800 Uncommon trap: reason=bimorphic action=maybe_recompile pc=0x0000000004de649c method=org.gradle.api.internal.attributes.DefaultMutableAttributeContainer.asImmutable()Lorg/gradle/api/internal/attributes/ImmutableAttributes; @ 16
Event: 12.938 Thread 0x000000001a260800 Uncommon trap: reason=bimorphic action=maybe_recompile pc=0x0000000004de649c method=org.gradle.api.internal.attributes.DefaultMutableAttributeContainer.asImmutable()Lorg/gradle/api/internal/attributes/ImmutableAttributes; @ 16
Event: 13.138 Thread 0x0000000019d7f800 Uncommon trap: reason=class_check action=maybe_recompile pc=0x0000000004443ad0 method=com.google.common.cache.LocalCache$Segment.get(Ljava/lang/Object;I)Ljava/lang/Object; @ 49
Event: 13.351 Thread 0x0000000019d7a800 Uncommon trap: reason=unstable_if action=reinterpret pc=0x0000000004f82128 method=java.util.concurrent.ConcurrentHashMap.addCount(JI)V @ 97
Event: 13.362 Thread 0x000000001a260800 Uncommon trap: reason=unstable_if action=reinterpret pc=0x0000000003b2a9f8 method=com.esotericsoftware.kryo.io.Output.writeByte(B)V @ 8
Event: 13.443 Thread 0x0000000019d78000 Uncommon trap: reason=unstable_if action=reinterpret pc=0x0000000004eadeec method=java.util.concurrent.ConcurrentHashMap.addCount(JI)V @ 97
Event: 13.570 Thread 0x0000000019d7f000 Uncommon trap: reason=unstable_if action=reinterpret pc=0x0000000004f8358c method=java.util.concurrent.ConcurrentHashMap.addCount(JI)V @ 97

Classes redefined (0 events):
No events

Internal exceptions (10 events):
Event: 11.620 Thread 0x000000001a260800 Exception <a 'java/lang/NullPointerException'> (0x00000000e6657b58) thrown at [D:\src\AOSP-openjdk-cygwin\jdk8u\hotspot\src\share\vm\interpreter\linkResolver.cpp, line 1287]
Event: 11.801 Thread 0x000000001a260800 Exception <a 'java/lang/NoSuchMethodError': java.lang.Object.lambda$minBy$0(Ljava/util/Comparator;Ljava/lang/Object;Ljava/lang/Object;)Ljava/lang/Object;> (0x00000000e7c3e308) thrown at [D:\src\AOSP-openjdk-cygwin\jdk8u\hotspot\src\share\vm\interpreter\li
Event: 11.960 Thread 0x0000000019d7a800 Implicit null exception at 0x000000000466095c to 0x0000000004661920
Event: 11.974 Thread 0x0000000019d7f000 Exception <a 'java/lang/NoSuchMethodError': java.lang.Object.lambda$flatMap$1(Ljava/util/function/Function;Lorg/gradle/internal/Try;)Lorg/gradle/api/internal/artifacts/transform/CacheableInvocation;> (0x00000000e96b84b0) thrown at [D:\src\AOSP-openjdk-cyg
Event: 11.974 Thread 0x0000000019d7f000 Exception <a 'java/lang/NoSuchMethodError': java.lang.Object.lambda$flatMap$4(Ljava/util/function/Function;)Lorg/gradle/api/internal/artifacts/transform/CacheableInvocation;> (0x00000000e96bc8e0) thrown at [D:\src\AOSP-openjdk-cygwin\jdk8u\hotspot\src\sha
Event: 11.975 Thread 0x0000000019d78000 Exception <a 'java/lang/NoSuchMethodError': java.lang.Object.lambda$flatMap$3(Ljava/util/function/Function;)Lorg/gradle/internal/Try;> (0x00000000e95bcc90) thrown at [D:\src\AOSP-openjdk-cygwin\jdk8u\hotspot\src\share\vm\interpreter\linkResolver.cpp, line
Event: 12.038 Thread 0x0000000019d7a800 Exception <a 'java/lang/NoSuchMethodError': java.lang.Object.lambda$flatMap$2(Ljava/util/function/Function;Ljava/lang/Object;)Lorg/gradle/internal/Try;> (0x00000000e9e57df0) thrown at [D:\src\AOSP-openjdk-cygwin\jdk8u\hotspot\src\share\vm\interpreter\link
Event: 12.038 Thread 0x000000001a260800 Exception <a 'java/lang/NoSuchMethodError': java.lang.Object.lambda$flatMap$2(Ljava/util/function/Function;Ljava/lang/Object;)Lorg/gradle/internal/Try;> (0x00000000e9194df8) thrown at [D:\src\AOSP-openjdk-cygwin\jdk8u\hotspot\src\share\vm\interpreter\link
Event: 12.306 Thread 0x0000000019d7f800 Exception <a 'java/lang/NoSuchMethodError': java.lang.Object.lambda$flatMap$0(Ljava/lang/Throwable;)Lorg/gradle/api/internal/artifacts/transform/CacheableInvocation;> (0x00000000e9735250) thrown at [D:\src\AOSP-openjdk-cygwin\jdk8u\hotspot\src\share\vm\in
Event: 12.804 Thread 0x000000001a260800 Exception <a 'java/lang/NoSuchMethodError': java.lang.Object.lambda$negate$1(Ljava/lang/Object;)Z> (0x00000000ef09fab8) thrown at [D:\src\AOSP-openjdk-cygwin\jdk8u\hotspot\src\share\vm\interpreter\linkResolver.cpp, line 620]

Events (10 events):
Event: 13.406 Thread 0x000000001a260800 DEOPT PACKING pc=0x0000000004705b7d sp=0x000000001bb88c40
Event: 13.406 Thread 0x000000001a260800 DEOPT UNPACKING pc=0x00000000030975d0 sp=0x000000001bb88908 mode 0
Event: 13.443 Thread 0x0000000019d78000 Uncommon trap: trap_request=0xffffff65 fr.pc=0x0000000004eadeec
Event: 13.443 Thread 0x0000000019d78000 DEOPT PACKING pc=0x0000000004eadeec sp=0x0000000021faec50
Event: 13.443 Thread 0x0000000019d78000 DEOPT UNPACKING pc=0x000000000309557b sp=0x0000000021faeb98 mode 2
Event: 13.455 Executing VM operation: ParallelGCFailedAllocation
Event: 13.519 Executing VM operation: ParallelGCFailedAllocation done
Event: 13.570 Thread 0x0000000019d7f000 Uncommon trap: trap_request=0xffffff65 fr.pc=0x0000000004f8358c
Event: 13.570 Thread 0x0000000019d7f000 DEOPT PACKING pc=0x0000000004f8358c sp=0x0000000021eae730
Event: 13.570 Thread 0x0000000019d7f000 DEOPT UNPACKING pc=0x000000000309557b sp=0x0000000021eae608 mode 2


Dynamic libraries:
0x00007ff71c7d0000 - 0x00007ff71c801000 	D:\Android\Android Studio\jre\bin\java.exe
0x00007ff834460000 - 0x00007ff834650000 	C:\WINDOWS\SYSTEM32\ntdll.dll
0x00007ff834360000 - 0x00007ff834412000 	C:\WINDOWS\System32\KERNEL32.DLL
0x00007ff831cf0000 - 0x00007ff831f94000 	C:\WINDOWS\System32\KERNELBASE.dll
0x00007ff833fc0000 - 0x00007ff834063000 	C:\WINDOWS\System32\ADVAPI32.dll
0x00007ff8331d0000 - 0x00007ff83326e000 	C:\WINDOWS\System32\msvcrt.dll
0x00007ff832840000 - 0x00007ff8328d7000 	C:\WINDOWS\System32\sechost.dll
0x00007ff8326c0000 - 0x00007ff8327e0000 	C:\WINDOWS\System32\RPCRT4.dll
0x00007ff8340d0000 - 0x00007ff834264000 	C:\WINDOWS\System32\USER32.dll
0x00007ff8321e0000 - 0x00007ff832201000 	C:\WINDOWS\System32\win32u.dll
0x00007ff833710000 - 0x00007ff833736000 	C:\WINDOWS\System32\GDI32.dll
0x00007ff832290000 - 0x00007ff832424000 	C:\WINDOWS\System32\gdi32full.dll
0x00007ff832140000 - 0x00007ff8321de000 	C:\WINDOWS\System32\msvcp_win.dll
0x00007ff8313f0000 - 0x00007ff8314ea000 	C:\WINDOWS\System32\ucrtbase.dll
0x00007ff81ab20000 - 0x00007ff81ada4000 	C:\WINDOWS\WinSxS\amd64_microsoft.windows.common-controls_6595b64144ccf1df_6.0.18362.836_none_e6c4b943130f18ed\COMCTL32.dll
0x00007ff833300000 - 0x00007ff833636000 	C:\WINDOWS\System32\combase.dll
0x00007ff831c70000 - 0x00007ff831cf0000 	C:\WINDOWS\System32\bcryptPrimitives.dll
0x00007ff833740000 - 0x00007ff83376e000 	C:\WINDOWS\System32\IMM32.DLL
0x000000006bee0000 - 0x000000006bfb2000 	D:\Android\Android Studio\jre\jre\bin\msvcr100.dll
0x0000000070380000 - 0x0000000070bc6000 	D:\Android\Android Studio\jre\jre\bin\server\jvm.dll
0x00007ff832570000 - 0x00007ff832578000 	C:\WINDOWS\System32\PSAPI.DLL
0x00007ff82dc70000 - 0x00007ff82dc94000 	C:\WINDOWS\SYSTEM32\WINMM.dll
0x00007ff8254d0000 - 0x00007ff8254da000 	C:\WINDOWS\SYSTEM32\VERSION.dll
0x00007ff81cd40000 - 0x00007ff81cd49000 	C:\WINDOWS\SYSTEM32\WSOCK32.dll
0x00007ff834270000 - 0x00007ff8342df000 	C:\WINDOWS\System32\WS2_32.dll
0x00007ff82dc40000 - 0x00007ff82dc6d000 	C:\WINDOWS\SYSTEM32\WINMMBASE.dll
0x00007ff8320f0000 - 0x00007ff83213a000 	C:\WINDOWS\System32\cfgmgr32.dll
0x00007ff82a420000 - 0x00007ff82a42f000 	D:\Android\Android Studio\jre\jre\bin\verify.dll
0x00007ff829b00000 - 0x00007ff829b29000 	D:\Android\Android Studio\jre\jre\bin\java.dll
0x00007ff82a400000 - 0x00007ff82a416000 	D:\Android\Android Studio\jre\jre\bin\zip.dll
0x00007ff8338b0000 - 0x00007ff833f94000 	C:\WINDOWS\System32\SHELL32.dll
0x00007ff833060000 - 0x00007ff833109000 	C:\WINDOWS\System32\shcore.dll
0x00007ff8314f0000 - 0x00007ff831c6e000 	C:\WINDOWS\System32\windows.storage.dll
0x00007ff8313a0000 - 0x00007ff8313c3000 	C:\WINDOWS\System32\profapi.dll
0x00007ff831350000 - 0x00007ff83139a000 	C:\WINDOWS\System32\powrprof.dll
0x00007ff831320000 - 0x00007ff831330000 	C:\WINDOWS\System32\UMPDC.dll
0x00007ff8327e0000 - 0x00007ff832832000 	C:\WINDOWS\System32\shlwapi.dll
0x00007ff831330000 - 0x00007ff831341000 	C:\WINDOWS\System32\kernel.appcore.dll
0x00007ff832270000 - 0x00007ff832287000 	C:\WINDOWS\System32\cryptsp.dll
0x00007ff81f760000 - 0x00007ff81f77a000 	D:\Android\Android Studio\jre\jre\bin\net.dll
0x00007ff823290000 - 0x00007ff823466000 	C:\WINDOWS\SYSTEM32\urlmon.dll
0x00007ff822fe0000 - 0x00007ff823286000 	C:\WINDOWS\SYSTEM32\iertutil.dll
0x00007ff830d60000 - 0x00007ff830d6c000 	C:\WINDOWS\SYSTEM32\CRYPTBASE.DLL
0x00007ff830b90000 - 0x00007ff830bf7000 	C:\WINDOWS\system32\mswsock.dll
0x00007ff81f740000 - 0x00007ff81f753000 	D:\Android\Android Studio\jre\jre\bin\nio.dll
0x00007ff80f220000 - 0x00007ff80f246000 	E:\Android\.gradle\native\30\windows-amd64\native-platform.dll
0x00007ff829af0000 - 0x00007ff829afd000 	D:\Android\Android Studio\jre\jre\bin\management.dll
0x00007ff830700000 - 0x00007ff830733000 	C:\WINDOWS\system32\rsaenh.dll
0x00007ff8324e0000 - 0x00007ff832506000 	C:\WINDOWS\System32\bcrypt.dll
0x00007ff831240000 - 0x00007ff831265000 	C:\WINDOWS\SYSTEM32\USERENV.dll
0x00007ff8308a0000 - 0x00007ff8308da000 	C:\WINDOWS\SYSTEM32\IPHLPAPI.DLL
0x00007ff833110000 - 0x00007ff833118000 	C:\WINDOWS\System32\NSI.dll
0x00007ff824300000 - 0x00007ff824316000 	C:\WINDOWS\SYSTEM32\dhcpcsvc6.DLL
0x00007ff824480000 - 0x00007ff82449c000 	C:\WINDOWS\SYSTEM32\dhcpcsvc.DLL
0x00007ff8308e0000 - 0x00007ff8309ab000 	C:\WINDOWS\SYSTEM32\DNSAPI.dll

VM Arguments:
jvm_args: -Xmx1536m -Dfile.encoding=GBK -Duser.country=CN -Duser.language=zh -Duser.variant 
java_command: org.gradle.launcher.daemon.bootstrap.GradleDaemon 5.6.4
java_class_path (initial): E:\Android\.gradle\wrapper\dists\gradle-5.6.4-all\ankdp27end7byghfw1q2sw75f\gradle-5.6.4\lib\gradle-launcher-5.6.4.jar
Launcher Type: SUN_STANDARD

Environment Variables:
JAVA_HOME=D:\Java\jdk1.8.0_251
PATH=D:\Xfpt6\;D:\Xshell\;D:\Anaconda3;D:\Anaconda3\Library\mingw-w64\bin;D:\Anaconda3\Library\usr\bin;D:\Anaconda3\Library\bin;D:\Anaconda3\Scripts;C:\Program Files (x86)\Intel\iCLS Client\;C:\Program Files\Intel\iCLS Client\;C:\Windows;C:\Windows\System32\WindowsPowerShell\v1.0\;C:\Program Files (x86)\NVIDIA Corporation\PhysX\Common;C:\Program Files (x86)\Intel\Intel(R) Management Engine Components\DAL;C:\Program Files\Intel\Intel(R) Management Engine Components\DAL;C:\Program Files (x86)\Intel\Intel(R) Management Engine Components\IPT;C:\Program Files\Intel\Intel(R) Management Engine Components\IPT;C:\WINDOWS;C:\WINDOWS\System32\Wbem;C:\WINDOWS\System32\WindowsPowerShell\v1.0\;C:\WINDOWS\System32\OpenSSH\;C:\WINDOWS\system32;D:\Java\jdk1.8.0_251\bin;D:\Java\jdk1.8.0_251\jre\bin;E:\Android\Sdk\platform-tools;E:\Android\Sdk\tools;E:\Android\Sdk\ndk-bundle;D:\apache-maven-3.6.3\bin;D:\MinGW\bin;D:\nodejs\;C:\ProgramData\chocolatey\bin;D:\Go\bin;D:\Git\cmd;D:\python 3.7\Scripts\;D:\python 3.7\;C:\Users\zhend\AppData\Local\GitHubDesktop\bin;D:\CLion 2019.3.4\bin;;C:\Users\zhend\AppData\Roaming\npm;D:\WebStorm 2019.3.4\bin;;C:\Users\zhend\go\bin;%GoLand%;;D:\VS_Code\bin;D:\JetBrains\DataGrip2020.1.3\bin;;D:\Bandizip\;D:\Fiddler
USERNAME=Dio
OS=Windows_NT
PROCESSOR_IDENTIFIER=Intel64 Family 6 Model 158 Stepping 9, GenuineIntel



---------------  S Y S T E M  ---------------

OS: Windows 10.0 , 64 bit Build 18362 (10.0.18362.778)

CPU:total 4 (initial active 4) (4 cores per cpu, 1 threads per core) family 6 model 158 stepping 9, cmov, cx8, fxsr, mmx, sse, sse2, sse3, ssse3, sse4.1, sse4.2, popcnt, avx, avx2, aes, clmul, erms, 3dnowpref, lzcnt, tsc, tscinvbit, bmi1, bmi2, adx

Memory: 4k page, physical 25037988k(12236276k free), swap 32902304k(5332k free)

vm_info: OpenJDK 64-Bit Server VM (25.212-b04) for windows-amd64 JRE (1.8.0_212-release-1586-b04), built by "builder" with MS VC++ 10.0 (VS2010)

time: Sat Jun 13 16:00:14 2020
timezone: 中国标准时间
elapsed time: 13 seconds (0d 0h 0m 13s)

