#
# There is insufficient memory for the Java Runtime Environment to continue.
# Native memory allocation (malloc) failed to allocate 953136 bytes for Chunk::new
# Possible reasons:
#   The system is out of physical RAM or swap space
#   The process is running with CompressedOops enabled, and the Java Heap may be blocking the growth of the native heap
# Possible solutions:
#   Reduce memory load on the system
#   Increase physical memory or swap space
#   Check if swap backing store is full
#   Decrease Java heap size (-Xmx/-Xms)
#   Decrease number of Java threads
#   Decrease Java thread stack sizes (-Xss)
#   Set larger code cache with -XX:ReservedCodeCacheSize=
#   JVM is running with Unscaled Compressed Oops mode in which the Java heap is
#     placed in the first 4GB address space. The Java Heap base address is the
#     maximum limit for the native heap growth. Please use -XX:HeapBaseMinAddress
#     to set the Java Heap base and to place the Java Heap above 4GB virtual address.
# This output file may be truncated or incomplete.
#
#  Out of Memory Error (allocation.cpp:389), pid=12268, tid=0x00000000000033e0
#
# JRE version: OpenJDK Runtime Environment (8.0_212-b04) (build 1.8.0_212-release-1586-b04)
# Java VM: OpenJDK 64-Bit Server VM (25.212-b04 mixed mode windows-amd64 compressed oops)
# Failed to write core dump. Minidumps are not enabled by default on client versions of Windows
#

---------------  T H R E A D  ---------------

Current thread (0x000000001638a800):  JavaThread "C2 CompilerThread1" daemon [_thread_in_native, id=13280, stack(0x0000000017dd0000,0x0000000017ed0000)]

Stack: [0x0000000017dd0000,0x0000000017ed0000]
[error occurred during error reporting (printing stack bounds), id 0xc0000005]

Native frames: (J=compiled Java code, j=interpreted, Vv=VM code, C=native code)


Current CompileTask:
C2:3609305 21858       4       com.android.build.gradle.internal.ide.dependencies.ArtifactUtils::getAllArtifacts (711 bytes)


---------------  P R O C E S S  ---------------

Java Threads: ( => current thread )
  0x00000000199bf800 JavaThread "Cache worker for Build Output Cleanup Cache (F:\AndroidStudio\MyAndroid\.gradle\buildOutputCleanup)" [_thread_blocked, id=12108, stack(0x0000000021990000,0x0000000021a90000)]
  0x00000000199bd000 JavaThread "Build operations Thread 4" [_thread_blocked, id=14900, stack(0x0000000021630000,0x0000000021730000)]
  0x00000000199bc800 JavaThread "Build operations Thread 3" [_thread_in_Java, id=4532, stack(0x000000001fa60000,0x000000001fb60000)]
  0x00000000199b5000 JavaThread "Build operations Thread 2" [_thread_in_Java, id=2412, stack(0x000000001f960000,0x000000001fa60000)]
  0x00000000199bb800 JavaThread "Build operations" [_thread_in_Java, id=13988, stack(0x000000001be20000,0x000000001bf20000)]
  0x00000000199b4000 JavaThread "Cache worker for cache directory md-rule (E:\Android\.gradle\caches\5.6.4\md-rule)" [_thread_blocked, id=12828, stack(0x000000001b720000,0x000000001b820000)]
  0x00000000199ba000 JavaThread "Cache worker for cache directory md-supplier (E:\Android\.gradle\caches\5.6.4\md-supplier)" [_thread_blocked, id=6368, stack(0x000000001b620000,0x000000001b720000)]
  0x00000000199b3800 JavaThread "Cache worker for file hash cache (F:\AndroidStudio\MyAndroid\.gradle\5.6.4\fileHashes)" [_thread_blocked, id=4416, stack(0x000000001b520000,0x000000001b620000)]
  0x00000000199b2800 JavaThread "Thread-82" [_thread_blocked, id=13596, stack(0x000000001b420000,0x000000001b520000)]
  0x00000000199b8800 JavaThread "Stdin handler" [_thread_blocked, id=5792, stack(0x000000001b320000,0x000000001b420000)]
  0x00000000199b8000 JavaThread "Asynchronous log dispatcher for DefaultDaemonConnection: socket connection from /127.0.0.1:11490 to /127.0.0.1:13785" [_thread_blocked, id=7624, stack(0x000000001b020000,0x000000001b120000)]
  0x00000000199b0800 JavaThread "Cancel handler" [_thread_blocked, id=14772, stack(0x0000000000b20000,0x0000000000c20000)]
  0x00000000199b7000 JavaThread "Handler for socket connection from /127.0.0.1:11490 to /127.0.0.1:13785" [_thread_in_native, id=1812, stack(0x0000000000a20000,0x0000000000b20000)]
  0x00000000199b9800 JavaThread "Daemon worker Thread 5" [_thread_in_Java, id=12844, stack(0x000000001af20000,0x000000001b020000)]
  0x00000000199b2000 JavaThread "Daemon Thread 5" [_thread_blocked, id=5068, stack(0x0000000000920000,0x0000000000a20000)]
  0x000000001c850800 JavaThread "Memory manager" [_thread_blocked, id=7016, stack(0x0000000022390000,0x0000000022490000)]
  0x000000001c84d800 JavaThread "Cache worker for execution history cache (E:\Android\.gradle\caches\5.6.4\executionHistory)" [_thread_blocked, id=7768, stack(0x000000001fb60000,0x000000001fc60000)]
  0x000000001a048000 JavaThread "Cache worker for journal cache (E:\Android\.gradle\caches\journal-1)" [_thread_blocked, id=744, stack(0x000000001bc20000,0x000000001bd20000)]
  0x000000001a04a800 JavaThread "File lock request listener" [_thread_in_native, id=3644, stack(0x000000001bb20000,0x000000001bc20000)]
  0x000000001a049800 JavaThread "Cache worker for file hash cache (E:\Android\.gradle\caches\5.6.4\fileHashes)" [_thread_blocked, id=11548, stack(0x000000001ba20000,0x000000001bb20000)]
  0x0000000019d99800 JavaThread "Daemon periodic checks" [_thread_blocked, id=5060, stack(0x000000001ae20000,0x000000001af20000)]
  0x0000000019db5000 JavaThread "Incoming local TCP Connector on port 11490" [_thread_in_native, id=13616, stack(0x000000001ac70000,0x000000001ad70000)]
  0x0000000019d26800 JavaThread "Daemon health stats" [_thread_blocked, id=13216, stack(0x000000001a970000,0x000000001aa70000)]
  0x0000000017751000 JavaThread "Service Thread" daemon [_thread_blocked, id=6020, stack(0x0000000017fd0000,0x00000000180d0000)]
  0x0000000016390800 JavaThread "C1 CompilerThread2" daemon [_thread_blocked, id=13444, stack(0x0000000017ed0000,0x0000000017fd0000)]
=>0x000000001638a800 JavaThread "C2 CompilerThread1" daemon [_thread_in_native, id=13280, stack(0x0000000017dd0000,0x0000000017ed0000)]
  0x00000000163dc000 JavaThread "C2 CompilerThread0" daemon [_thread_blocked, id=7956, stack(0x0000000017cd0000,0x0000000017dd0000)]
  0x0000000016378000 JavaThread "Attach Listener" daemon [_thread_blocked, id=1604, stack(0x0000000017bd0000,0x0000000017cd0000)]
  0x00000000176e0800 JavaThread "Signal Dispatcher" daemon [_thread_blocked, id=9680, stack(0x0000000017ad0000,0x0000000017bd0000)]
  0x00000000025fc000 JavaThread "Finalizer" daemon [_thread_blocked, id=7020, stack(0x00000000175d0000,0x00000000176d0000)]
  0x0000000016369800 JavaThread "Reference Handler" daemon [_thread_blocked, id=8476, stack(0x00000000174d0000,0x00000000175d0000)]
  0x0000000002b0e000 JavaThread "main" [_thread_blocked, id=13880, stack(0x0000000000c20000,0x0000000000d20000)]

Other Threads:
  0x0000000016346000 VMThread [stack: 0x00000000173d0000,0x00000000174d0000] [id=11436]
  0x000000001776d800 WatcherThread [stack: 0x00000000180d0000,0x00000000181d0000] [id=9756]

VM state:not at safepoint (normal execution)

VM Mutex/Monitor currently owned by a thread: None

heap address: 0x00000000a0000000, size: 1536 MB, Compressed Oops mode: 32-bit
Narrow klass base: 0x0000000000000000, Narrow klass shift: 3
Compressed class space size: 1073741824 Address: 0x0000000100000000

Heap:
 PSYoungGen      total 421376K, used 193682K [0x00000000e0000000, 0x00000000fff00000, 0x0000000100000000)
  eden space 317952K, 60% used [0x00000000e0000000,0x00000000ebd24978,0x00000000f3680000)
  from space 103424K, 0% used [0x00000000f9a00000,0x00000000f9a00000,0x00000000fff00000)
  to   space 101888K, 0% used [0x00000000f3680000,0x00000000f3680000,0x00000000f9a00000)
 ParOldGen       total 642048K, used 146471K [0x00000000a0000000, 0x00000000c7300000, 0x00000000e0000000)
  object space 642048K, 22% used [0x00000000a0000000,0x00000000a8f09f80,0x00000000c7300000)
 Metaspace       used 82864K, capacity 90730K, committed 91392K, reserved 1128448K
  class space    used 10559K, capacity 12597K, committed 12800K, reserved 1048576K

Card table byte_map: [0x0000000011ed0000,0x00000000121e0000] byte_map_base: 0x00000000119d0000

Marking Bits: (ParMarkBitMap*) 0x0000000070b49f30
 Begin Bits: [0x00000000126e0000, 0x0000000013ee0000)
 End Bits:   [0x0000000013ee0000, 0x00000000156e0000)

Polling page: 0x0000000000740000

CodeCache: size=245760Kb used=59964Kb max_used=59976Kb free=185795Kb
 bounds [0x0000000002b10000, 0x00000000065f0000, 0x0000000011b10000]
 total_blobs=18341 nmethods=17510 adapters=742
 compilation: enabled

Compilation events (10 events):
Event: 3609.259 Thread 0x0000000016390800 21882       3       com.sun.org.apache.xerces.internal.impl.XMLStreamReaderImpl::getAttributeType (77 bytes)
Event: 3609.259 Thread 0x0000000016390800 nmethod 21882 0x00000000065d1050 code [0x00000000065d12e0, 0x00000000065d22e8]
Event: 3609.259 Thread 0x0000000016390800 21884       3       com.sun.org.apache.xerces.internal.impl.XMLStreamReaderImpl::getAttributeValue (77 bytes)
Event: 3609.260 Thread 0x0000000016390800 nmethod 21884 0x00000000065d2a50 code [0x00000000065d2cc0, 0x00000000065d3a68]
Event: 3609.260 Thread 0x0000000016390800 21885       3       com.sun.xml.internal.stream.events.StartElementEvent::addAttribute (41 bytes)
Event: 3609.260 Thread 0x0000000016390800 nmethod 21885 0x00000000065d4050 code [0x00000000065d41e0, 0x00000000065d46a8]
Event: 3609.260 Thread 0x0000000016390800 21886       3       com.sun.xml.internal.stream.events.DummyEvent::isNamespace (15 bytes)
Event: 3609.260 Thread 0x0000000016390800 nmethod 21886 0x00000000065c9250 code [0x00000000065c93a0, 0x00000000065c9550]
Event: 3609.267 Thread 0x0000000016390800 21887       3       org.gradle.internal.Actions::composite (59 bytes)
Event: 3609.268 Thread 0x0000000016390800 nmethod 21887 0x00000000065d4810 code [0x00000000065d4a20, 0x00000000065d5418]

GC Heap History (10 events):
Event: 3583.692 GC heap before
{Heap before GC invocations=25 (full 4):
 PSYoungGen      total 415232K, used 376864K [0x00000000e0000000, 0x0000000100000000, 0x0000000100000000)
  eden space 310784K, 100% used [0x00000000e0000000,0x00000000f2f80000,0x00000000f2f80000)
  from space 104448K, 63% used [0x00000000f9700000,0x00000000fd788030,0x00000000ffd00000)
  to   space 105984K, 0% used [0x00000000f2f80000,0x00000000f2f80000,0x00000000f9700000)
 ParOldGen       total 506880K, used 301678K [0x00000000a0000000, 0x00000000bef00000, 0x00000000e0000000)
  object space 506880K, 59% used [0x00000000a0000000,0x00000000b269bac8,0x00000000bef00000)
 Metaspace       used 82663K, capacity 90568K, committed 91136K, reserved 1128448K
  class space    used 10575K, capacity 12628K, committed 12800K, reserved 1048576K
Event: 3583.786 GC heap after
Heap after GC invocations=25 (full 4):
 PSYoungGen      total 347136K, used 35968K [0x00000000e0000000, 0x00000000ffa80000, 0x0000000100000000)
  eden space 310784K, 0% used [0x00000000e0000000,0x00000000e0000000,0x00000000f2f80000)
  from space 36352K, 98% used [0x00000000f2f80000,0x00000000f52a0000,0x00000000f5300000)
  to   space 102400K, 0% used [0x00000000f9680000,0x00000000f9680000,0x00000000ffa80000)
 ParOldGen       total 506880K, used 367115K [0x00000000a0000000, 0x00000000bef00000, 0x00000000e0000000)
  object space 506880K, 72% used [0x00000000a0000000,0x00000000b6682f30,0x00000000bef00000)
 Metaspace       used 82663K, capacity 90568K, committed 91136K, reserved 1128448K
  class space    used 10575K, capacity 12628K, committed 12800K, reserved 1048576K
}
Event: 3585.100 GC heap before
{Heap before GC invocations=26 (full 4):
 PSYoungGen      total 347136K, used 346752K [0x00000000e0000000, 0x00000000ffa80000, 0x0000000100000000)
  eden space 310784K, 100% used [0x00000000e0000000,0x00000000f2f80000,0x00000000f2f80000)
  from space 36352K, 98% used [0x00000000f2f80000,0x00000000f52a0000,0x00000000f5300000)
  to   space 102400K, 0% used [0x00000000f9680000,0x00000000f9680000,0x00000000ffa80000)
 ParOldGen       total 506880K, used 367115K [0x00000000a0000000, 0x00000000bef00000, 0x00000000e0000000)
  object space 506880K, 72% used [0x00000000a0000000,0x00000000b6682f30,0x00000000bef00000)
 Metaspace       used 82690K, capacity 90574K, committed 91136K, reserved 1128448K
  class space    used 10577K, capacity 12629K, committed 12800K, reserved 1048576K
Event: 3585.177 GC heap after
Heap after GC invocations=26 (full 4):
 PSYoungGen      total 418304K, used 29088K [0x00000000e0000000, 0x0000000100000000, 0x0000000100000000)
  eden space 315904K, 0% used [0x00000000e0000000,0x00000000e0000000,0x00000000f3480000)
  from space 102400K, 28% used [0x00000000f9680000,0x00000000fb2e8000,0x00000000ffa80000)
  to   space 100352K, 0% used [0x00000000f3480000,0x00000000f3480000,0x00000000f9680000)
 ParOldGen       total 506880K, used 398762K [0x00000000a0000000, 0x00000000bef00000, 0x00000000e0000000)
  object space 506880K, 78% used [0x00000000a0000000,0x00000000b856ab00,0x00000000bef00000)
 Metaspace       used 82690K, capacity 90574K, committed 91136K, reserved 1128448K
  class space    used 10577K, capacity 12629K, committed 12800K, reserved 1048576K
}
Event: 3606.518 GC heap before
{Heap before GC invocations=27 (full 4):
 PSYoungGen      total 418304K, used 344992K [0x00000000e0000000, 0x0000000100000000, 0x0000000100000000)
  eden space 315904K, 100% used [0x00000000e0000000,0x00000000f3480000,0x00000000f3480000)
  from space 102400K, 28% used [0x00000000f9680000,0x00000000fb2e8000,0x00000000ffa80000)
  to   space 100352K, 0% used [0x00000000f3480000,0x00000000f3480000,0x00000000f9680000)
 ParOldGen       total 506880K, used 398762K [0x00000000a0000000, 0x00000000bef00000, 0x00000000e0000000)
  object space 506880K, 78% used [0x00000000a0000000,0x00000000b856ab00,0x00000000bef00000)
 Metaspace       used 82893K, capacity 90818K, committed 91136K, reserved 1128448K
  class space    used 10587K, capacity 12642K, committed 12800K, reserved 1048576K
Event: 3606.679 GC heap after
Heap after GC invocations=27 (full 4):
 PSYoungGen      total 416256K, used 72288K [0x00000000e0000000, 0x0000000100000000, 0x0000000100000000)
  eden space 315904K, 0% used [0x00000000e0000000,0x00000000e0000000,0x00000000f3480000)
  from space 100352K, 72% used [0x00000000f3480000,0x00000000f7b18030,0x00000000f9680000)
  to   space 104448K, 0% used [0x00000000f9a00000,0x00000000f9a00000,0x0000000100000000)
 ParOldGen       total 506880K, used 426683K [0x00000000a0000000, 0x00000000bef00000, 0x00000000e0000000)
  object space 506880K, 84% used [0x00000000a0000000,0x00000000ba0aec10,0x00000000bef00000)
 Metaspace       used 82893K, capacity 90818K, committed 91136K, reserved 1128448K
  class space    used 10587K, capacity 12642K, committed 12800K, reserved 1048576K
}
Event: 3607.846 GC heap before
{Heap before GC invocations=28 (full 4):
 PSYoungGen      total 416256K, used 388192K [0x00000000e0000000, 0x0000000100000000, 0x0000000100000000)
  eden space 315904K, 100% used [0x00000000e0000000,0x00000000f3480000,0x00000000f3480000)
  from space 100352K, 72% used [0x00000000f3480000,0x00000000f7b18030,0x00000000f9680000)
  to   space 104448K, 0% used [0x00000000f9a00000,0x00000000f9a00000,0x0000000100000000)
 ParOldGen       total 506880K, used 426683K [0x00000000a0000000, 0x00000000bef00000, 0x00000000e0000000)
  object space 506880K, 84% used [0x00000000a0000000,0x00000000ba0aec10,0x00000000bef00000)
 Metaspace       used 82950K, capacity 90894K, committed 91392K, reserved 1128448K
  class space    used 10589K, capacity 12644K, committed 12800K, reserved 1048576K
Event: 3607.963 GC heap after
Heap after GC invocations=28 (full 4):
 PSYoungGen      total 421376K, used 31776K [0x00000000e0000000, 0x00000000fff00000, 0x0000000100000000)
  eden space 317952K, 0% used [0x00000000e0000000,0x00000000e0000000,0x00000000f3680000)
  from space 103424K, 30% used [0x00000000f9a00000,0x00000000fb908000,0x00000000fff00000)
  to   space 101888K, 0% used [0x00000000f3680000,0x00000000f3680000,0x00000000f9a00000)
 ParOldGen       total 506880K, used 498349K [0x00000000a0000000, 0x00000000bef00000, 0x00000000e0000000)
  object space 506880K, 98% used [0x00000000a0000000,0x00000000be6ab728,0x00000000bef00000)
 Metaspace       used 82950K, capacity 90894K, committed 91392K, reserved 1128448K
  class space    used 10589K, capacity 12644K, committed 12800K, reserved 1048576K
}
Event: 3607.963 GC heap before
{Heap before GC invocations=29 (full 5):
 PSYoungGen      total 421376K, used 31776K [0x00000000e0000000, 0x00000000fff00000, 0x0000000100000000)
  eden space 317952K, 0% used [0x00000000e0000000,0x00000000e0000000,0x00000000f3680000)
  from space 103424K, 30% used [0x00000000f9a00000,0x00000000fb908000,0x00000000fff00000)
  to   space 101888K, 0% used [0x00000000f3680000,0x00000000f3680000,0x00000000f9a00000)
 ParOldGen       total 506880K, used 498349K [0x00000000a0000000, 0x00000000bef00000, 0x00000000e0000000)
  object space 506880K, 98% used [0x00000000a0000000,0x00000000be6ab728,0x00000000bef00000)
 Metaspace       used 82950K, capacity 90894K, committed 91392K, reserved 1128448K
  class space    used 10589K, capacity 12644K, committed 12800K, reserved 1048576K
Event: 3608.637 GC heap after
Heap after GC invocations=29 (full 5):
 PSYoungGen      total 421376K, used 0K [0x00000000e0000000, 0x00000000fff00000, 0x0000000100000000)
  eden space 317952K, 0% used [0x00000000e0000000,0x00000000e0000000,0x00000000f3680000)
  from space 103424K, 0% used [0x00000000f9a00000,0x00000000f9a00000,0x00000000fff00000)
  to   space 101888K, 0% used [0x00000000f3680000,0x00000000f3680000,0x00000000f9a00000)
 ParOldGen       total 642048K, used 146471K [0x00000000a0000000, 0x00000000c7300000, 0x00000000e0000000)
  object space 642048K, 22% used [0x00000000a0000000,0x00000000a8f09f80,0x00000000c7300000)
 Metaspace       used 82838K, capacity 90666K, committed 91392K, reserved 1128448K
  class space    used 10558K, capacity 12597K, committed 12800K, reserved 1048576K
}

Deoptimization events (10 events):
Event: 3585.381 Thread 0x00000000199b2800 Uncommon trap: reason=class_check action=maybe_recompile pc=0x000000000636a8ec method=sun.reflect.GeneratedMethodAccessor414.invoke(Ljava/lang/Object;[Ljava/lang/Object;)Ljava/lang/Object; @ 37
Event: 3585.381 Thread 0x00000000199b2800 Uncommon trap: reason=class_check action=maybe_recompile pc=0x000000000636a8ec method=sun.reflect.GeneratedMethodAccessor414.invoke(Ljava/lang/Object;[Ljava/lang/Object;)Ljava/lang/Object; @ 37
Event: 3585.393 Thread 0x00000000199b2800 Uncommon trap: reason=unstable_if action=reinterpret pc=0x0000000004ccfdac method=org.gradle.internal.remote.internal.inet.SocketConnection$SocketOutputStream.writeWithNonBlockingRetry()I @ 13
Event: 3585.404 Thread 0x00000000199b9800 Uncommon trap: reason=class_check action=maybe_recompile pc=0x000000000480b634 method=java.util.HashMap.removeNode(ILjava/lang/Object;Ljava/lang/Object;ZZ)Ljava/util/HashMap$Node; @ 143
Event: 3605.974 Thread 0x00000000199b9800 Uncommon trap: reason=unstable_if action=reinterpret pc=0x0000000004b82204 method=java.util.LinkedList.add(ILjava/lang/Object;)V @ 10
Event: 3606.332 Thread 0x00000000199b9800 Uncommon trap: reason=unstable_if action=reinterpret pc=0x00000000061526a4 method=org.gradle.api.internal.artifacts.ivyservice.resolveengine.artifact.ArtifactBackedResolvedVariant$SingleArtifactSet.startVisit(Lorg/gradle/internal/operations/BuildOperation
Event: 3606.378 Thread 0x00000000199b9800 Uncommon trap: reason=null_check action=make_not_entrant pc=0x0000000006046f14 method=org.apache.tools.ant.PropertyHelper.add(Lorg/apache/tools/ant/PropertyHelper$Delegate;)V @ 46
Event: 3607.133 Thread 0x00000000199bb800 Uncommon trap: reason=unstable_if action=reinterpret pc=0x00000000039623e0 method=java.util.concurrent.ConcurrentLinkedQueue.offer(Ljava/lang/Object;)Z @ 91
Event: 3607.409 Thread 0x00000000199b9800 Uncommon trap: reason=unstable_if action=reinterpret pc=0x00000000044309dc method=java.util.HashMap.computeIfAbsent(Ljava/lang/Object;Ljava/util/function/Function;)Ljava/lang/Object; @ 271
Event: 3607.732 Thread 0x00000000199bb800 Uncommon trap: reason=unstable_if action=reinterpret pc=0x00000000057e79f8 method=java.util.concurrent.ConcurrentHashMap.replaceNode(Ljava/lang/Object;Ljava/lang/Object;Ljava/lang/Object;)Ljava/lang/Object; @ 99

Classes redefined (0 events):
No events

Internal exceptions (10 events):
Event: 3585.398 Thread 0x00000000199b9800 Exception <a 'sun/nio/fs/WindowsException'> (0x00000000e388d540) thrown at [D:\src\AOSP-openjdk-cygwin\jdk8u\hotspot\src\share\vm\prims\jni.cpp, line 710]
Event: 3585.398 Thread 0x00000000199b9800 Exception <a 'sun/nio/fs/WindowsException'> (0x00000000e388ee40) thrown at [D:\src\AOSP-openjdk-cygwin\jdk8u\hotspot\src\share\vm\prims\jni.cpp, line 710]
Event: 3585.399 Thread 0x00000000199b9800 Exception <a 'sun/nio/fs/WindowsException'> (0x00000000e3890740) thrown at [D:\src\AOSP-openjdk-cygwin\jdk8u\hotspot\src\share\vm\prims\jni.cpp, line 710]
Event: 3585.400 Thread 0x00000000199b9800 Exception <a 'sun/nio/fs/WindowsException'> (0x00000000e3892040) thrown at [D:\src\AOSP-openjdk-cygwin\jdk8u\hotspot\src\share\vm\prims\jni.cpp, line 710]
Event: 3585.401 Thread 0x00000000199b9800 Exception <a 'sun/nio/fs/WindowsException'> (0x00000000e3893940) thrown at [D:\src\AOSP-openjdk-cygwin\jdk8u\hotspot\src\share\vm\prims\jni.cpp, line 710]
Event: 3604.713 Thread 0x00000000199b9800 Exception <a 'java/lang/ClassNotFoundException': sync_studio_tooling5510_6hhnoy5vq82ekk6lz7bxcxco3BeanInfo> (0x00000000e3a5ccb0) thrown at [D:\src\AOSP-openjdk-cygwin\jdk8u\hotspot\src\share\vm\classfile\systemDictionary.cpp, line 210]
Event: 3604.715 Thread 0x00000000199b9800 Exception <a 'java/lang/ClassNotFoundException': sync_studio_tooling5510_6hhnoy5vq82ekk6lz7bxcxco3Customizer> (0x00000000e3a6bb58) thrown at [D:\src\AOSP-openjdk-cygwin\jdk8u\hotspot\src\share\vm\classfile\systemDictionary.cpp, line 210]
Event: 3604.763 Thread 0x00000000199b9800 Exception <a 'java/lang/ClassNotFoundException': sync_studio_tooling5510_6hhnoy5vq82ekk6lz7bxcxco3BeanInfo> (0x00000000e3ba27f0) thrown at [D:\src\AOSP-openjdk-cygwin\jdk8u\hotspot\src\share\vm\classfile\systemDictionary.cpp, line 210]
Event: 3604.763 Thread 0x00000000199b9800 Exception <a 'java/lang/ClassNotFoundException': sync_studio_tooling5510_6hhnoy5vq82ekk6lz7bxcxco3Customizer> (0x00000000e3bb15e0) thrown at [D:\src\AOSP-openjdk-cygwin\jdk8u\hotspot\src\share\vm\classfile\systemDictionary.cpp, line 210]
Event: 3606.377 Thread 0x00000000199b9800 Implicit null exception at 0x000000000604449f to 0x0000000006046ef5

Events (10 events):
Event: 3607.732 Thread 0x00000000199bb800 DEOPT PACKING pc=0x00000000057e79f8 sp=0x000000001bf1ee70
Event: 3607.732 Thread 0x00000000199bb800 DEOPT UNPACKING pc=0x0000000002b5557b sp=0x000000001bf1ee00 mode 2
Event: 3607.846 Executing VM operation: ParallelGCFailedAllocation
Event: 3608.637 Executing VM operation: ParallelGCFailedAllocation done
Event: 3608.819 Executing VM operation: ForceSafepoint
Event: 3608.819 Executing VM operation: ForceSafepoint done
Event: 3609.085 loading class org/gradle/api/internal/artifacts/configurations/ResolveConfigurationResolutionBuildOperationDetails$1
Event: 3609.085 loading class org/gradle/api/internal/artifacts/configurations/ResolveConfigurationResolutionBuildOperationDetails$1 done
Event: 3609.135 Thread 0x00000000199b9800 DEOPT PACKING pc=0x00000000059999a1 sp=0x000000001b01adf0
Event: 3609.135 Thread 0x00000000199b9800 DEOPT UNPACKING pc=0x0000000002b575d0 sp=0x000000001b01aca0 mode 0


Dynamic libraries:
0x00007ff71c7d0000 - 0x00007ff71c801000 	D:\Android\Android Studio\jre\bin\java.exe
0x00007ff834460000 - 0x00007ff834650000 	C:\WINDOWS\SYSTEM32\ntdll.dll
0x00007ff834360000 - 0x00007ff834412000 	C:\WINDOWS\System32\KERNEL32.DLL
0x00007ff831cf0000 - 0x00007ff831f94000 	C:\WINDOWS\System32\KERNELBASE.dll
0x00007ff833fc0000 - 0x00007ff834063000 	C:\WINDOWS\System32\ADVAPI32.dll
0x00007ff8331d0000 - 0x00007ff83326e000 	C:\WINDOWS\System32\msvcrt.dll
0x00007ff832840000 - 0x00007ff8328d7000 	C:\WINDOWS\System32\sechost.dll
0x00007ff8326c0000 - 0x00007ff8327e0000 	C:\WINDOWS\System32\RPCRT4.dll
0x00007ff8340d0000 - 0x00007ff834264000 	C:\WINDOWS\System32\USER32.dll
0x00007ff8321e0000 - 0x00007ff832201000 	C:\WINDOWS\System32\win32u.dll
0x00007ff833710000 - 0x00007ff833736000 	C:\WINDOWS\System32\GDI32.dll
0x00007ff832290000 - 0x00007ff832424000 	C:\WINDOWS\System32\gdi32full.dll
0x00007ff832140000 - 0x00007ff8321de000 	C:\WINDOWS\System32\msvcp_win.dll
0x00007ff8313f0000 - 0x00007ff8314ea000 	C:\WINDOWS\System32\ucrtbase.dll
0x00007ff81ab20000 - 0x00007ff81ada4000 	C:\WINDOWS\WinSxS\amd64_microsoft.windows.common-controls_6595b64144ccf1df_6.0.18362.836_none_e6c4b943130f18ed\COMCTL32.dll
0x00007ff833300000 - 0x00007ff833636000 	C:\WINDOWS\System32\combase.dll
0x00007ff831c70000 - 0x00007ff831cf0000 	C:\WINDOWS\System32\bcryptPrimitives.dll
0x00007ff833740000 - 0x00007ff83376e000 	C:\WINDOWS\System32\IMM32.DLL
0x000000006c480000 - 0x000000006c552000 	D:\Android\Android Studio\jre\jre\bin\msvcr100.dll
0x0000000070380000 - 0x0000000070bc6000 	D:\Android\Android Studio\jre\jre\bin\server\jvm.dll
0x00007ff832570000 - 0x00007ff832578000 	C:\WINDOWS\System32\PSAPI.DLL
0x00007ff82dc70000 - 0x00007ff82dc94000 	C:\WINDOWS\SYSTEM32\WINMM.dll
0x00007ff8254d0000 - 0x00007ff8254da000 	C:\WINDOWS\SYSTEM32\VERSION.dll
0x00007ff81cd40000 - 0x00007ff81cd49000 	C:\WINDOWS\SYSTEM32\WSOCK32.dll
0x00007ff834270000 - 0x00007ff8342df000 	C:\WINDOWS\System32\WS2_32.dll
0x00007ff82dc40000 - 0x00007ff82dc6d000 	C:\WINDOWS\SYSTEM32\WINMMBASE.dll
0x00007ff8320f0000 - 0x00007ff83213a000 	C:\WINDOWS\System32\cfgmgr32.dll
0x00007ff82a4f0000 - 0x00007ff82a4ff000 	D:\Android\Android Studio\jre\jre\bin\verify.dll
0x00007ff82a400000 - 0x00007ff82a429000 	D:\Android\Android Studio\jre\jre\bin\java.dll
0x00007ff829b10000 - 0x00007ff829b26000 	D:\Android\Android Studio\jre\jre\bin\zip.dll
0x00007ff8338b0000 - 0x00007ff833f94000 	C:\WINDOWS\System32\SHELL32.dll
0x00007ff833060000 - 0x00007ff833109000 	C:\WINDOWS\System32\shcore.dll
0x00007ff8314f0000 - 0x00007ff831c6e000 	C:\WINDOWS\System32\windows.storage.dll
0x00007ff8313a0000 - 0x00007ff8313c3000 	C:\WINDOWS\System32\profapi.dll
0x00007ff831350000 - 0x00007ff83139a000 	C:\WINDOWS\System32\powrprof.dll
0x00007ff831320000 - 0x00007ff831330000 	C:\WINDOWS\System32\UMPDC.dll
0x00007ff8327e0000 - 0x00007ff832832000 	C:\WINDOWS\System32\shlwapi.dll
0x00007ff831330000 - 0x00007ff831341000 	C:\WINDOWS\System32\kernel.appcore.dll
0x00007ff832270000 - 0x00007ff832287000 	C:\WINDOWS\System32\cryptsp.dll
0x00007ff829af0000 - 0x00007ff829b0a000 	D:\Android\Android Studio\jre\jre\bin\net.dll
0x00007ff823290000 - 0x00007ff823466000 	C:\WINDOWS\SYSTEM32\urlmon.dll
0x00007ff822fe0000 - 0x00007ff823286000 	C:\WINDOWS\SYSTEM32\iertutil.dll
0x00007ff830d60000 - 0x00007ff830d6c000 	C:\WINDOWS\SYSTEM32\CRYPTBASE.DLL
0x00007ff830b90000 - 0x00007ff830bf7000 	C:\WINDOWS\system32\mswsock.dll
0x00007ff81f760000 - 0x00007ff81f773000 	D:\Android\Android Studio\jre\jre\bin\nio.dll
0x00007ff814120000 - 0x00007ff814146000 	E:\Android\.gradle\native\30\windows-amd64\native-platform.dll
0x00007ff82a3a0000 - 0x00007ff82a3ad000 	D:\Android\Android Studio\jre\jre\bin\management.dll
0x00007ff830700000 - 0x00007ff830733000 	C:\WINDOWS\system32\rsaenh.dll
0x00007ff8324e0000 - 0x00007ff832506000 	C:\WINDOWS\System32\bcrypt.dll
0x00007ff831240000 - 0x00007ff831265000 	C:\WINDOWS\SYSTEM32\USERENV.dll
0x00007ff8308a0000 - 0x00007ff8308da000 	C:\WINDOWS\SYSTEM32\IPHLPAPI.DLL
0x00007ff833110000 - 0x00007ff833118000 	C:\WINDOWS\System32\NSI.dll
0x00007ff824300000 - 0x00007ff824316000 	C:\WINDOWS\SYSTEM32\dhcpcsvc6.DLL
0x00007ff824480000 - 0x00007ff82449c000 	C:\WINDOWS\SYSTEM32\dhcpcsvc.DLL
0x00007ff8308e0000 - 0x00007ff8309ab000 	C:\WINDOWS\SYSTEM32\DNSAPI.dll

VM Arguments:
jvm_args: -Xmx1536m -Dfile.encoding=GBK -Duser.country=CN -Duser.language=zh -Duser.variant 
java_command: org.gradle.launcher.daemon.bootstrap.GradleDaemon 5.6.4
java_class_path (initial): E:\Android\.gradle\wrapper\dists\gradle-5.6.4-all\ankdp27end7byghfw1q2sw75f\gradle-5.6.4\lib\gradle-launcher-5.6.4.jar
Launcher Type: SUN_STANDARD

Environment Variables:
JAVA_HOME=D:\Java\jdk1.8.0_251
PATH=D:\Xfpt6\;D:\Xshell\;D:\Anaconda3;D:\Anaconda3\Library\mingw-w64\bin;D:\Anaconda3\Library\usr\bin;D:\Anaconda3\Library\bin;D:\Anaconda3\Scripts;C:\Program Files (x86)\Intel\iCLS Client\;C:\Program Files\Intel\iCLS Client\;C:\Windows;C:\Windows\System32\WindowsPowerShell\v1.0\;C:\Program Files (x86)\NVIDIA Corporation\PhysX\Common;C:\Program Files (x86)\Intel\Intel(R) Management Engine Components\DAL;C:\Program Files\Intel\Intel(R) Management Engine Components\DAL;C:\Program Files (x86)\Intel\Intel(R) Management Engine Components\IPT;C:\Program Files\Intel\Intel(R) Management Engine Components\IPT;C:\WINDOWS;C:\WINDOWS\System32\Wbem;C:\WINDOWS\System32\WindowsPowerShell\v1.0\;C:\WINDOWS\System32\OpenSSH\;C:\WINDOWS\system32;D:\Java\jdk1.8.0_251\bin;D:\Java\jdk1.8.0_251\jre\bin;E:\Android\Sdk\platform-tools;E:\Android\Sdk\tools;E:\Android\Sdk\ndk-bundle;D:\apache-maven-3.6.3\bin;D:\MinGW\bin;D:\nodejs\;C:\ProgramData\chocolatey\bin;D:\Go\bin;D:\Git\cmd;D:\python 3.7\Scripts\;D:\python 3.7\;C:\Users\zhend\AppData\Local\GitHubDesktop\bin;D:\CLion 2019.3.4\bin;;C:\Users\zhend\AppData\Roaming\npm;D:\WebStorm 2019.3.4\bin;;C:\Users\zhend\go\bin;%GoLand%;;D:\VS_Code\bin;D:\JetBrains\DataGrip2020.1.3\bin;;D:\Bandizip\;D:\Fiddler
USERNAME=Dio
OS=Windows_NT
PROCESSOR_IDENTIFIER=Intel64 Family 6 Model 158 Stepping 9, GenuineIntel



---------------  S Y S T E M  ---------------

OS: Windows 10.0 , 64 bit Build 18362 (10.0.18362.778)

CPU:total 4 (initial active 4) (4 cores per cpu, 1 threads per core) family 6 model 158 stepping 9, cmov, cx8, fxsr, mmx, sse, sse2, sse3, ssse3, sse4.1, sse4.2, popcnt, avx, avx2, aes, clmul, erms, 3dnowpref, lzcnt, tsc, tscinvbit, bmi1, bmi2, adx

Memory: 4k page, physical 25037988k(11323268k free), swap 32902304k(5880k free)

vm_info: OpenJDK 64-Bit Server VM (25.212-b04) for windows-amd64 JRE (1.8.0_212-release-1586-b04), built by "builder" with MS VC++ 10.0 (VS2010)

time: Sat Jun 13 17:08:52 2020
timezone: 中国标准时间
elapsed time: 3609 seconds (0d 1h 0m 9s)

